2025-11-08 20:31:04 0 [Note] Starting MariaDB 10.11.13-MariaDB source revision 8fb09426b98583916ccfd4f8c49741adc115bac3 server_uid tLyD9bs9RLaqcq3sw9p2Zn03PD0= as process 4294
2025-11-08 20:31:04 0 [Note] InnoDB: Compressed tables use zlib 1.3.1
2025-11-08 20:31:04 0 [Note] InnoDB: Number of transaction pools: 1
2025-11-08 20:31:04 0 [Note] InnoDB: Using AVX512 instructions
2025-11-08 20:31:04 0 [Warning] mariadbd: io_uring_queue_init() failed with EPERM: sysctl kernel.io_uring_disabled has the value 2, or 1 and the user of the process is not a member of sysctl kernel.io_uring_group. (see man 2 io_uring_setup).
2025-11-08 20:31:04 0 [Warning] InnoDB: liburing disabled: falling back to innodb_use_native_aio=OFF
2025-11-08 20:31:04 0 [Note] InnoDB: innodb_buffer_pool_size_max=128m, innodb_buffer_pool_size=128m
2025-11-08 20:31:04 0 [Note] InnoDB: Initialized memory pressure event listener
2025-11-08 20:31:04 0 [Note] InnoDB: Completed initialization of buffer pool
2025-11-08 20:31:04 0 [Note] InnoDB: Buffered log writes (block size=512 bytes)
2025-11-08 20:31:04 0 [Note] InnoDB: Starting crash recovery from checkpoint LSN=17039
2025-11-08 20:31:04 0 [Note] InnoDB: End of log at LSN=36381
2025-11-08 20:31:04 0 [Note] InnoDB: To recover: 2 pages
2025-11-08 20:31:04 0 [Note] InnoDB: 128 rollback segments are active.
2025-11-08 20:31:04 0 [Note] InnoDB: Removed temporary tablespace data file: "./ibtmp1"
2025-11-08 20:31:04 0 [Note] InnoDB: Setting file './ibtmp1' size to 12.000MiB. Physically writing the file full; Please wait ...
2025-11-08 20:31:04 0 [Note] InnoDB: File './ibtmp1' size is now 12.000MiB.
2025-11-08 20:31:04 0 [Note] InnoDB: log sequence number 36381; transaction id 4
2025-11-08 20:31:04 0 [Note] Plugin 'FEEDBACK' is disabled.
2025-11-08 20:31:04 0 [Note] InnoDB: Loading buffer pool(s) from /home/runner/workspace/mysql-data/ib_buffer_pool
2025-11-08 20:31:04 0 [Note] InnoDB: Cannot open '/home/runner/workspace/mysql-data/ib_buffer_pool' for reading: No such file or directory
2025-11-08 20:31:04 0 [ERROR] Could not open mysql.plugin table: "Table 'mysql.plugin' doesn't exist". Some plugins may be not loaded
2025-11-08 20:31:04 0 [ERROR] Can't open and lock privilege tables: Table 'mysql.servers' doesn't exist
2025-11-08 20:31:04 0 [Note] Server socket created on IP: '0.0.0.0'.
2025-11-08 20:31:04 0 [Note] Server socket created on IP: '::'.
